<?xml version="1.0" encoding="UTF-8"?>
<!-- Generated by org.testng.reporters.JUnitReportReporter -->
<testsuite skipped="0" hostname="DESKTOP-NCJM12M" name="com.class11.Taskkk" tests="1" failures="0" timestamp="05 Jun 2019 00:50:59 GMT" time="14.650" errors="0">
  <testcase name="searchFlight" time="14.650" classname="com.class11.Taskkk"/>
</testsuite> <!-- com.class11.Taskkk -->
