<?xml version="1.0" encoding="UTF-8"?>
<!-- Generated by org.testng.reporters.JUnitReportReporter -->
<testsuite skipped="0" hostname="DESKTOP-NCJM12M" name="com.class11.Task" tests="1" failures="0" timestamp="02 Jun 2019 19:24:44 GMT" time="6.515" errors="0">
  <testcase name="readFile" time="6.515" classname="com.class11.Task"/>
</testsuite> <!-- com.class11.Task -->
