<?xml version="1.0" encoding="UTF-8"?>
<!-- Generated by org.testng.reporters.JUnitReportReporter -->
<testsuite skipped="0" hostname="DESKTOP-NCJM12M" name="com.class11.BrokenLinksDemo" tests="1" failures="0" timestamp="24 Nov 2021 15:22:01 GMT" time="7.336" errors="0">
  <testcase name="brokenLinksVerification" time="7.336" classname="com.class11.BrokenLinksDemo"/>
</testsuite> <!-- com.class11.BrokenLinksDemo -->
