<?xml version="1.0" encoding="UTF-8"?>
<!-- Generated by org.testng.reporters.JUnitReportReporter -->
<testsuite skipped="0" hostname="DESKTOP-NCJM12M" name="com.class11.FlightSearch" tests="1" failures="0" timestamp="02 Jun 2019 17:32:12 GMT" time="48.816" errors="0">
  <testcase name="searchFlight" time="48.816" classname="com.class11.FlightSearch"/>
</testsuite> <!-- com.class11.FlightSearch -->
