<?xml version="1.0" encoding="UTF-8"?>
<!-- Generated by org.testng.reporters.JUnitReportReporter -->
<testsuite skipped="0" hostname="DESKTOP-NCJM12M" name="com.class11.ReadingPropertyFile" tests="1" failures="0" timestamp="02 Jun 2019 18:28:49 GMT" time="6.070" errors="0">
  <testcase name="readFile" time="6.070" classname="com.class11.ReadingPropertyFile"/>
</testsuite> <!-- com.class11.ReadingPropertyFile -->
