<?xml version="1.0" encoding="UTF-8"?>
<!-- Generated by org.testng.reporters.JUnitReportReporter -->
<testsuite skipped="0" hostname="DESKTOP-NCJM12M" name="com.class11.Task" tests="1" failures="0" timestamp="26 Nov 2021 03:54:21 GMT" time="4.840" errors="0">
  <testcase name="readFile" time="4.840" classname="com.class11.Task"/>
</testsuite> <!-- com.class11.Task -->
