<?xml version="1.0" encoding="UTF-8"?>
<!-- Generated by org.testng.reporters.JUnitReportReporter -->
<testsuite skipped="0" hostname="DESKTOP-NCJM12M" name="com.class11.ReadingPropertyFile" tests="1" failures="0" timestamp="26 Nov 2021 03:53:58 GMT" time="4.302" errors="0">
  <testcase name="readFile" time="4.302" classname="com.class11.ReadingPropertyFile"/>
</testsuite> <!-- com.class11.ReadingPropertyFile -->
